<?xml version="1.0" encoding="UTF-8"?>
<testng-results ignored="0" total="10" passed="9" failed="1" skipped="0">
  <reporter-output>
  </reporter-output>
  <suite started-at="2024-06-13T15:54:07 ICT" name="OrangeHRM - Web Automation UI" finished-at="2024-06-13T15:55:59 ICT" duration-ms="112060">
    <groups>
    </groups>
    <test started-at="2024-06-13T15:54:07 ICT" name="Run on CHROME" finished-at="2024-06-13T15:55:59 ICT" duration-ms="112060">
      <class name="com.orangehrm.pim.PIM_Employee">
        <test-method is-config="true" signature="initBeforeSuite()[pri:0, instance:com.orangehrm.pim.PIM_Employee@f316aeb]" started-at="2024-06-13T15:54:07 ICT" name="initBeforeSuite" finished-at="2024-06-13T15:54:07 ICT" duration-ms="18" status="PASS">
          <reporter-output>
          </reporter-output>
        </test-method> <!-- initBeforeSuite -->
        <test-method is-config="true" signature="beforeClass(java.lang.String,java.lang.String)[pri:0, instance:com.orangehrm.pim.PIM_Employee@f316aeb]" started-at="2024-06-13T15:54:07 ICT" name="beforeClass" finished-at="2024-06-13T15:54:22 ICT" duration-ms="14941" status="PASS">
          <params>
            <param index="0">
              <value>
                <![CDATA[https://opensource-demo.orangehrmlive.com/]]>
              </value>
            </param>
            <param index="1">
              <value>
                <![CDATA[chrome]]>
              </value>
            </param>
          </params>
          <reporter-output>
          </reporter-output>
        </test-method> <!-- beforeClass -->
        <test-method signature="Employee_01_Add_New()[pri:0, instance:com.orangehrm.pim.PIM_Employee@f316aeb]" started-at="2024-06-13T15:54:22 ICT" name="Employee_01_Add_New" finished-at="2024-06-13T15:54:33 ICT" duration-ms="11433" status="PASS">
          <reporter-output>
          </reporter-output>
        </test-method> <!-- Employee_01_Add_New -->
        <test-method signature="Employee_02_Personal_Details()[pri:0, instance:com.orangehrm.pim.PIM_Employee@f316aeb]" started-at="2024-06-13T15:54:33 ICT" name="Employee_02_Personal_Details" finished-at="2024-06-13T15:55:08 ICT" duration-ms="34750" status="PASS">
          <reporter-output>
          </reporter-output>
        </test-method> <!-- Employee_02_Personal_Details -->
        <test-method signature="Employee_03_Contact_Details()[pri:0, instance:com.orangehrm.pim.PIM_Employee@f316aeb]" started-at="2024-06-13T15:55:08 ICT" name="Employee_03_Contact_Details" finished-at="2024-06-13T15:55:18 ICT" duration-ms="9703" status="PASS">
          <reporter-output>
          </reporter-output>
        </test-method> <!-- Employee_03_Contact_Details -->
        <test-method signature="Employee_04_Emergency_Contacts()[pri:0, instance:com.orangehrm.pim.PIM_Employee@f316aeb]" started-at="2024-06-13T15:55:18 ICT" name="Employee_04_Emergency_Contacts" finished-at="2024-06-13T15:55:22 ICT" duration-ms="3965" status="PASS">
          <reporter-output>
          </reporter-output>
        </test-method> <!-- Employee_04_Emergency_Contacts -->
        <test-method signature="Employee_05_Dependents()[pri:0, instance:com.orangehrm.pim.PIM_Employee@f316aeb]" started-at="2024-06-13T15:55:22 ICT" name="Employee_05_Dependents" finished-at="2024-06-13T15:55:59 ICT" duration-ms="36768" status="FAIL">
          <exception class="org.openqa.selenium.TimeoutException">
            <message>
              <![CDATA[Expected condition failed: waiting for element to be clickable: By.xpath: //div[@class='oxd-table-card']//label/input/following-sibling::span/i (tried for 30 second(s) with 500 milliseconds interval)
Build info: version: '4.18.0', revision: 'b6bf9de7cc'
System info: os.name: 'Windows 10', os.arch: 'amd64', os.version: '10.0', java.version: '17.0.10'
Driver info: org.openqa.selenium.chrome.ChromeDriver
Capabilities {acceptInsecureCerts: false, browserName: chrome, browserVersion: 120.0.6099.225, chrome: {chromedriverVersion: 120.0.6099.109 (3419140ab66..., userDataDir: C:\Users\Dell\AppData\Local...}, fedcm:accounts: true, goog:chromeOptions: {debuggerAddress: localhost:61283}, networkConnectionEnabled: false, pageLoadStrategy: normal, platformName: windows, proxy: Proxy(), se:cdp: ws://localhost:61283/devtoo..., se:cdpVersion: 120.0.6099.225, setWindowRect: true, strictFileInteractability: false, timeouts: {implicit: 0, pageLoad: 300000, script: 30000}, unhandledPromptBehavior: dismiss and notify, webauthn:extension:credBlob: true, webauthn:extension:largeBlob: true, webauthn:extension:minPinLength: true, webauthn:extension:prf: true, webauthn:virtualAuthenticators: true}
Session ID: adbee356680e488bc270cc25d72b772e]]>
            </message>
            <full-stacktrace>
              <![CDATA[org.openqa.selenium.TimeoutException: Expected condition failed: waiting for element to be clickable: By.xpath: //div[@class='oxd-table-card']//label/input/following-sibling::span/i (tried for 30 second(s) with 500 milliseconds interval)
Build info: version: '4.18.0', revision: 'b6bf9de7cc'
System info: os.name: 'Windows 10', os.arch: 'amd64', os.version: '10.0', java.version: '17.0.10'
Driver info: org.openqa.selenium.chrome.ChromeDriver
Capabilities {acceptInsecureCerts: false, browserName: chrome, browserVersion: 120.0.6099.225, chrome: {chromedriverVersion: 120.0.6099.109 (3419140ab66..., userDataDir: C:\Users\Dell\AppData\Local...}, fedcm:accounts: true, goog:chromeOptions: {debuggerAddress: localhost:61283}, networkConnectionEnabled: false, pageLoadStrategy: normal, platformName: windows, proxy: Proxy(), se:cdp: ws://localhost:61283/devtoo..., se:cdpVersion: 120.0.6099.225, setWindowRect: true, strictFileInteractability: false, timeouts: {implicit: 0, pageLoad: 300000, script: 30000}, unhandledPromptBehavior: dismiss and notify, webauthn:extension:credBlob: true, webauthn:extension:largeBlob: true, webauthn:extension:minPinLength: true, webauthn:extension:prf: true, webauthn:virtualAuthenticators: true}
Session ID: adbee356680e488bc270cc25d72b772e
at org.openqa.selenium.support.ui.WebDriverWait.timeoutException(WebDriverWait.java:84)
at org.openqa.selenium.support.ui.FluentWait.until(FluentWait.java:228)
at commons.BasePage.waitForElementClickable(BasePage.java:536)
at pageObjects.orangehrm.DependenciesPageObject.checkDeleteDependent(DependenciesPageObject.java:51)
at com.orangehrm.pim.PIM_Employee.Employee_05_Dependents(PIM_Employee.java:210)
at java.base/jdk.internal.reflect.NativeMethodAccessorImpl.invoke0(Native Method)
at java.base/jdk.internal.reflect.NativeMethodAccessorImpl.invoke(NativeMethodAccessorImpl.java:77)
at java.base/jdk.internal.reflect.DelegatingMethodAccessorImpl.invoke(DelegatingMethodAccessorImpl.java:43)
at java.base/java.lang.reflect.Method.invoke(Method.java:568)
at org.testng.internal.MethodInvocationHelper.invokeMethod(MethodInvocationHelper.java:133)
at org.testng.internal.TestInvoker.invokeMethod(TestInvoker.java:598)
at org.testng.internal.TestInvoker.invokeTestMethod(TestInvoker.java:173)
at org.testng.internal.MethodRunner.runInSequence(MethodRunner.java:46)
at org.testng.internal.TestInvoker$MethodInvocationAgent.invoke(TestInvoker.java:824)
at org.testng.internal.TestInvoker.invokeTestMethods(TestInvoker.java:146)
at org.testng.internal.TestMethodWorker.invokeTestMethods(TestMethodWorker.java:146)
at org.testng.internal.TestMethodWorker.run(TestMethodWorker.java:128)
at java.base/java.util.ArrayList.forEach(ArrayList.java:1511)
at org.testng.TestRunner.privateRun(TestRunner.java:794)
at org.testng.TestRunner.run(TestRunner.java:596)
at org.testng.SuiteRunner.runTest(SuiteRunner.java:377)
at org.testng.SuiteRunner.runSequentially(SuiteRunner.java:371)
at org.testng.SuiteRunner.privateRun(SuiteRunner.java:332)
at org.testng.SuiteRunner.run(SuiteRunner.java:276)
at org.testng.SuiteRunnerWorker.runSuite(SuiteRunnerWorker.java:53)
at org.testng.SuiteRunnerWorker.run(SuiteRunnerWorker.java:96)
at org.testng.TestNG.runSuitesSequentially(TestNG.java:1212)
at org.testng.TestNG.runSuitesLocally(TestNG.java:1134)
at org.testng.TestNG.runSuites(TestNG.java:1063)
at org.testng.TestNG.run(TestNG.java:1031)
at org.testng.remote.AbstractRemoteTestNG.run(AbstractRemoteTestNG.java:115)
at org.testng.remote.RemoteTestNG.initAndRun(RemoteTestNG.java:293)
at org.testng.remote.RemoteTestNG.main(RemoteTestNG.java:91)
]]>
            </full-stacktrace>
          </exception> <!-- org.openqa.selenium.TimeoutException -->
          <reporter-output>
          </reporter-output>
        </test-method> <!-- Employee_05_Dependents -->
        <test-method signature="Employee_06_Immigration()[pri:0, instance:com.orangehrm.pim.PIM_Employee@f316aeb]" started-at="2024-06-13T15:55:59 ICT" name="Employee_06_Immigration" finished-at="2024-06-13T15:55:59 ICT" duration-ms="6" status="PASS">
          <reporter-output>
          </reporter-output>
        </test-method> <!-- Employee_06_Immigration -->
        <test-method signature="Employee_07_Job()[pri:0, instance:com.orangehrm.pim.PIM_Employee@f316aeb]" started-at="2024-06-13T15:55:59 ICT" name="Employee_07_Job" finished-at="2024-06-13T15:55:59 ICT" duration-ms="6" status="PASS">
          <reporter-output>
          </reporter-output>
        </test-method> <!-- Employee_07_Job -->
        <test-method signature="Employee_08_Salary()[pri:0, instance:com.orangehrm.pim.PIM_Employee@f316aeb]" started-at="2024-06-13T15:55:59 ICT" name="Employee_08_Salary" finished-at="2024-06-13T15:55:59 ICT" duration-ms="5" status="PASS">
          <reporter-output>
          </reporter-output>
        </test-method> <!-- Employee_08_Salary -->
        <test-method signature="Employee_09_Report()[pri:0, instance:com.orangehrm.pim.PIM_Employee@f316aeb]" started-at="2024-06-13T15:55:59 ICT" name="Employee_09_Report" finished-at="2024-06-13T15:55:59 ICT" duration-ms="4" status="PASS">
          <reporter-output>
          </reporter-output>
        </test-method> <!-- Employee_09_Report -->
        <test-method signature="Employee_10_Qualifications()[pri:0, instance:com.orangehrm.pim.PIM_Employee@f316aeb]" started-at="2024-06-13T15:55:59 ICT" name="Employee_10_Qualifications" finished-at="2024-06-13T15:55:59 ICT" duration-ms="3" status="PASS">
          <reporter-output>
          </reporter-output>
        </test-method> <!-- Employee_10_Qualifications -->
        <test-method is-config="true" signature="afterClass()[pri:0, instance:com.orangehrm.pim.PIM_Employee@f316aeb]" started-at="2024-06-13T15:55:59 ICT" name="afterClass" finished-at="2024-06-13T15:55:59 ICT" duration-ms="275" status="PASS">
          <reporter-output>
          </reporter-output>
        </test-method> <!-- afterClass -->
      </class> <!-- com.orangehrm.pim.PIM_Employee -->
    </test> <!-- Run on CHROME -->
  </suite> <!-- OrangeHRM - Web Automation UI -->
</testng-results>
