<?xml version="1.0" encoding="UTF-8"?>
<!-- Generated by org.testng.reporters.JUnitXMLReporter -->
<testsuite ignored="0" hostname="DESKTOP-U8O34AN" failures="0" tests="6" name="Default test" time="31.963" errors="0" timestamp="2024-04-14T12:14:10 ICT">
  <testcase classname="com.nopcommerce.user.User_01_Login" name="TC01" time="3.756"/>
  <testcase classname="com.nopcommerce.user.User_01_Login" name="TC02" time="3.967"/>
  <testcase classname="com.nopcommerce.user.User_01_Login" name="TC03" time="4.312"/>
  <testcase classname="com.nopcommerce.user.User_01_Login" name="TC04" time="4.34"/>
  <testcase classname="com.nopcommerce.user.User_01_Login" name="TC05" time="4.296"/>
  <testcase classname="com.nopcommerce.user.User_01_Login" name="TC06" time="1.518"/>
</testsuite> <!-- Default test -->
