<?xml version="1.0" encoding="UTF-8"?>
<!-- Generated by org.testng.reporters.JUnitXMLReporter -->
<testsuite ignored="0" hostname="DESKTOP-U8O34AN" failures="4" tests="10" name="Run on CHROME" time="201.097" errors="0" timestamp="2024-06-25T02:25:50 ICT">
  <testcase classname="com.orangehrm.pim.PIM_Employee" name="Employee_01_Add_New" time="12.348"/>
  <testcase classname="com.orangehrm.pim.PIM_Employee" name="Employee_02_Personal_Details" time="38.916"/>
  <testcase classname="com.orangehrm.pim.PIM_Employee" name="Employee_03_Contact_Details" time="13.151"/>
  <testcase classname="com.orangehrm.pim.PIM_Employee" name="Employee_04_Emergency_Contacts" time="4.501"/>
  <testcase classname="com.orangehrm.pim.PIM_Employee" name="Employee_05_Dependents" time="6.217"/>
  <testcase classname="com.orangehrm.pim.PIM_Employee" name="Employee_06_Immigration" time="10.214"/>
  <testcase classname="com.orangehrm.pim.PIM_Employee" name="Employee_07_Job" time="6.632">
    <failure type="org.openqa.selenium.ElementClickInterceptedException" message="element click intercepted: Element &amp;lt;span data-v-13cf171c=&amp;quot;&amp;quot;&amp;gt;...&amp;lt;/span&amp;gt; is not clickable at point (860, 72). Other element would receive the click: &amp;lt;div data-v-f0c5131f=&amp;quot;&amp;quot; class=&amp;quot;oxd-topbar-body&amp;quot;&amp;gt;...&amp;lt;/div&amp;gt;
  (Session info: chrome=120.0.6099.225)
Build info: version: &amp;apos;4.18.0&amp;apos;, revision: &amp;apos;b6bf9de7cc&amp;apos;
System info: os.name: &amp;apos;Windows 10&amp;apos;, os.arch: &amp;apos;amd64&amp;apos;, os.version: &amp;apos;10.0&amp;apos;, java.version: &amp;apos;17.0.10&amp;apos;
Driver info: org.openqa.selenium.chrome.ChromeDriver
Command: [f573b58d90a6258b795745e4a56d3b68, clickElement {id=E6B3F069AACC08248BA9BD93515F2CB4_element_1246}]
Capabilities {acceptInsecureCerts: false, browserName: chrome, browserVersion: 120.0.6099.225, chrome: {chromedriverVersion: 120.0.6099.109 (3419140ab66..., userDataDir: C:\Users\Dell\AppData\Local...}, fedcm:accounts: true, goog:chromeOptions: {debuggerAddress: localhost:55734}, networkConnectionEnabled: false, pageLoadStrategy: normal, platformName: windows, proxy: Proxy(), se:cdp: ws://localhost:55734/devtoo..., se:cdpVersion: 120.0.6099.225, setWindowRect: true, strictFileInteractability: false, timeouts: {implicit: 0, pageLoad: 300000, script: 30000}, unhandledPromptBehavior: dismiss and notify, webauthn:extension:credBlob: true, webauthn:extension:largeBlob: true, webauthn:extension:minPinLength: true, webauthn:extension:prf: true, webauthn:virtualAuthenticators: true}
Element: [[ChromeDriver: chrome on windows (f573b58d90a6258b795745e4a56d3b68)] -&amp;gt; xpath: //label[text()=&amp;apos;Job Title&amp;apos;]/parent::div/following-sibling::div//div[@class=&amp;apos;oxd-select-option&amp;apos;]/span]
Session ID: f573b58d90a6258b795745e4a56d3b68">
      <![CDATA[org.openqa.selenium.ElementClickInterceptedException: element click intercepted: Element <span data-v-13cf171c="">...</span> is not clickable at point (860, 72). Other element would receive the click: <div data-v-f0c5131f="" class="oxd-topbar-body">...</div>
  (Session info: chrome=120.0.6099.225)
Build info: version: '4.18.0', revision: 'b6bf9de7cc'
System info: os.name: 'Windows 10', os.arch: 'amd64', os.version: '10.0', java.version: '17.0.10'
Driver info: org.openqa.selenium.chrome.ChromeDriver
Command: [f573b58d90a6258b795745e4a56d3b68, clickElement {id=E6B3F069AACC08248BA9BD93515F2CB4_element_1246}]
Capabilities {acceptInsecureCerts: false, browserName: chrome, browserVersion: 120.0.6099.225, chrome: {chromedriverVersion: 120.0.6099.109 (3419140ab66..., userDataDir: C:\Users\Dell\AppData\Local...}, fedcm:accounts: true, goog:chromeOptions: {debuggerAddress: localhost:55734}, networkConnectionEnabled: false, pageLoadStrategy: normal, platformName: windows, proxy: Proxy(), se:cdp: ws://localhost:55734/devtoo..., se:cdpVersion: 120.0.6099.225, setWindowRect: true, strictFileInteractability: false, timeouts: {implicit: 0, pageLoad: 300000, script: 30000}, unhandledPromptBehavior: dismiss and notify, webauthn:extension:credBlob: true, webauthn:extension:largeBlob: true, webauthn:extension:minPinLength: true, webauthn:extension:prf: true, webauthn:virtualAuthenticators: true}
Element: [[ChromeDriver: chrome on windows (f573b58d90a6258b795745e4a56d3b68)] -> xpath: //label[text()='Job Title']/parent::div/following-sibling::div//div[@class='oxd-select-option']/span]
Session ID: f573b58d90a6258b795745e4a56d3b68
at org.openqa.selenium.remote.ErrorCodec.decode(ErrorCodec.java:167)
at org.openqa.selenium.remote.codec.w3c.W3CHttpResponseCodec.decode(W3CHttpResponseCodec.java:138)
at org.openqa.selenium.remote.codec.w3c.W3CHttpResponseCodec.decode(W3CHttpResponseCodec.java:50)
at org.openqa.selenium.remote.HttpCommandExecutor.execute(HttpCommandExecutor.java:190)
at org.openqa.selenium.remote.service.DriverCommandExecutor.invokeExecute(DriverCommandExecutor.java:216)
at org.openqa.selenium.remote.service.DriverCommandExecutor.execute(DriverCommandExecutor.java:174)
at org.openqa.selenium.remote.RemoteWebDriver.execute(RemoteWebDriver.java:519)
at org.openqa.selenium.remote.RemoteWebElement.execute(RemoteWebElement.java:223)
at org.openqa.selenium.remote.RemoteWebElement.click(RemoteWebElement.java:76)
at commons.BasePage.selectItemInDropdown(BasePage.java:229)
at pageObjects.orangehrm.JobPageObject.selectItemJobTitleInDropdown(JobPageObject.java:27)
at com.orangehrm.pim.PIM_Employee.Employee_07_Job(PIM_Employee.java:299)
at java.base/java.util.ArrayList.forEach(ArrayList.java:1511)
... Removed 32 stack frames]]>
    </failure>
  </testcase> <!-- Employee_07_Job -->
  <testcase classname="com.orangehrm.pim.PIM_Employee" name="Employee_08_Salary" time="5.84">
    <failure type="org.openqa.selenium.ElementClickInterceptedException" message="element click intercepted: Element &amp;lt;i data-v-bddebfba=&amp;quot;&amp;quot; data-v-67d2aedf=&amp;quot;&amp;quot; class=&amp;quot;oxd-icon bi-caret-down-fill oxd-select-text--arrow&amp;quot;&amp;gt;&amp;lt;/i&amp;gt; is not clickable at point (1260, 17). Other element would receive the click: &amp;lt;span data-v-bdd6d943=&amp;quot;&amp;quot; class=&amp;quot;oxd-userdropdown-tab&amp;quot;&amp;gt;...&amp;lt;/span&amp;gt;
  (Session info: chrome=120.0.6099.225)
Build info: version: &amp;apos;4.18.0&amp;apos;, revision: &amp;apos;b6bf9de7cc&amp;apos;
System info: os.name: &amp;apos;Windows 10&amp;apos;, os.arch: &amp;apos;amd64&amp;apos;, os.version: &amp;apos;10.0&amp;apos;, java.version: &amp;apos;17.0.10&amp;apos;
Driver info: org.openqa.selenium.chrome.ChromeDriver
Command: [f573b58d90a6258b795745e4a56d3b68, clickElement {id=69AB8CBCF09E413DCF80315503F5991D_element_1314}]
Capabilities {acceptInsecureCerts: false, browserName: chrome, browserVersion: 120.0.6099.225, chrome: {chromedriverVersion: 120.0.6099.109 (3419140ab66..., userDataDir: C:\Users\Dell\AppData\Local...}, fedcm:accounts: true, goog:chromeOptions: {debuggerAddress: localhost:55734}, networkConnectionEnabled: false, pageLoadStrategy: normal, platformName: windows, proxy: Proxy(), se:cdp: ws://localhost:55734/devtoo..., se:cdpVersion: 120.0.6099.225, setWindowRect: true, strictFileInteractability: false, timeouts: {implicit: 0, pageLoad: 300000, script: 30000}, unhandledPromptBehavior: dismiss and notify, webauthn:extension:credBlob: true, webauthn:extension:largeBlob: true, webauthn:extension:minPinLength: true, webauthn:extension:prf: true, webauthn:virtualAuthenticators: true}
Element: [[ChromeDriver: chrome on windows (f573b58d90a6258b795745e4a56d3b68)] -&amp;gt; xpath: //label[text()=&amp;apos;Pay Frequency&amp;apos;]/parent::div/following-sibling::div//i]
Session ID: f573b58d90a6258b795745e4a56d3b68">
      <![CDATA[org.openqa.selenium.ElementClickInterceptedException: element click intercepted: Element <i data-v-bddebfba="" data-v-67d2aedf="" class="oxd-icon bi-caret-down-fill oxd-select-text--arrow"></i> is not clickable at point (1260, 17). Other element would receive the click: <span data-v-bdd6d943="" class="oxd-userdropdown-tab">...</span>
  (Session info: chrome=120.0.6099.225)
Build info: version: '4.18.0', revision: 'b6bf9de7cc'
System info: os.name: 'Windows 10', os.arch: 'amd64', os.version: '10.0', java.version: '17.0.10'
Driver info: org.openqa.selenium.chrome.ChromeDriver
Command: [f573b58d90a6258b795745e4a56d3b68, clickElement {id=69AB8CBCF09E413DCF80315503F5991D_element_1314}]
Capabilities {acceptInsecureCerts: false, browserName: chrome, browserVersion: 120.0.6099.225, chrome: {chromedriverVersion: 120.0.6099.109 (3419140ab66..., userDataDir: C:\Users\Dell\AppData\Local...}, fedcm:accounts: true, goog:chromeOptions: {debuggerAddress: localhost:55734}, networkConnectionEnabled: false, pageLoadStrategy: normal, platformName: windows, proxy: Proxy(), se:cdp: ws://localhost:55734/devtoo..., se:cdpVersion: 120.0.6099.225, setWindowRect: true, strictFileInteractability: false, timeouts: {implicit: 0, pageLoad: 300000, script: 30000}, unhandledPromptBehavior: dismiss and notify, webauthn:extension:credBlob: true, webauthn:extension:largeBlob: true, webauthn:extension:minPinLength: true, webauthn:extension:prf: true, webauthn:virtualAuthenticators: true}
Element: [[ChromeDriver: chrome on windows (f573b58d90a6258b795745e4a56d3b68)] -> xpath: //label[text()='Pay Frequency']/parent::div/following-sibling::div//i]
Session ID: f573b58d90a6258b795745e4a56d3b68
at org.openqa.selenium.remote.ErrorCodec.decode(ErrorCodec.java:167)
at org.openqa.selenium.remote.codec.w3c.W3CHttpResponseCodec.decode(W3CHttpResponseCodec.java:138)
at org.openqa.selenium.remote.codec.w3c.W3CHttpResponseCodec.decode(W3CHttpResponseCodec.java:50)
at org.openqa.selenium.remote.HttpCommandExecutor.execute(HttpCommandExecutor.java:190)
at org.openqa.selenium.remote.service.DriverCommandExecutor.invokeExecute(DriverCommandExecutor.java:216)
at org.openqa.selenium.remote.service.DriverCommandExecutor.execute(DriverCommandExecutor.java:174)
at org.openqa.selenium.remote.RemoteWebDriver.execute(RemoteWebDriver.java:519)
at org.openqa.selenium.remote.RemoteWebElement.execute(RemoteWebElement.java:223)
at org.openqa.selenium.remote.RemoteWebElement.click(RemoteWebElement.java:76)
at commons.BasePage.selectItemInDropdown(BasePage.java:219)
at pageObjects.orangehrm.SalaryPageObject.selectPayFrequencyDropdown(SalaryPageObject.java:28)
at com.orangehrm.pim.PIM_Employee.Employee_08_Salary(PIM_Employee.java:333)
at java.base/java.util.ArrayList.forEach(ArrayList.java:1511)
... Removed 32 stack frames]]>
    </failure>
  </testcase> <!-- Employee_08_Salary -->
  <testcase classname="com.orangehrm.pim.PIM_Employee" name="Employee_09_Report" time="6.648">
    <failure type="org.openqa.selenium.ElementClickInterceptedException" message="element click intercepted: Element &amp;lt;button data-v-10d463b7=&amp;quot;&amp;quot; type=&amp;quot;submit&amp;quot; class=&amp;quot;oxd-button oxd-button--medium oxd-button--secondary orangehrm-left-space&amp;quot;&amp;gt;...&amp;lt;/button&amp;gt; is not clickable at point (1235, 77). Other element would receive the click: &amp;lt;ul data-v-5327b38a=&amp;quot;&amp;quot;&amp;gt;...&amp;lt;/ul&amp;gt;
  (Session info: chrome=120.0.6099.225)
Build info: version: &amp;apos;4.18.0&amp;apos;, revision: &amp;apos;b6bf9de7cc&amp;apos;
System info: os.name: &amp;apos;Windows 10&amp;apos;, os.arch: &amp;apos;amd64&amp;apos;, os.version: &amp;apos;10.0&amp;apos;, java.version: &amp;apos;17.0.10&amp;apos;
Driver info: org.openqa.selenium.chrome.ChromeDriver
Command: [f573b58d90a6258b795745e4a56d3b68, clickElement {id=E6C3218EBAE76F9BE912D739AA9C2E11_element_1347}]
Capabilities {acceptInsecureCerts: false, browserName: chrome, browserVersion: 120.0.6099.225, chrome: {chromedriverVersion: 120.0.6099.109 (3419140ab66..., userDataDir: C:\Users\Dell\AppData\Local...}, fedcm:accounts: true, goog:chromeOptions: {debuggerAddress: localhost:55734}, networkConnectionEnabled: false, pageLoadStrategy: normal, platformName: windows, proxy: Proxy(), se:cdp: ws://localhost:55734/devtoo..., se:cdpVersion: 120.0.6099.225, setWindowRect: true, strictFileInteractability: false, timeouts: {implicit: 0, pageLoad: 300000, script: 30000}, unhandledPromptBehavior: dismiss and notify, webauthn:extension:credBlob: true, webauthn:extension:largeBlob: true, webauthn:extension:minPinLength: true, webauthn:extension:prf: true, webauthn:virtualAuthenticators: true}
Element: [[ChromeDriver: chrome on windows (f573b58d90a6258b795745e4a56d3b68)] -&amp;gt; xpath: //div[@class=&amp;apos;oxd-form-actions&amp;apos;]//button[@type=&amp;apos;submit&amp;apos;]]
Session ID: f573b58d90a6258b795745e4a56d3b68">
      <![CDATA[org.openqa.selenium.ElementClickInterceptedException: element click intercepted: Element <button data-v-10d463b7="" type="submit" class="oxd-button oxd-button--medium oxd-button--secondary orangehrm-left-space">...</button> is not clickable at point (1235, 77). Other element would receive the click: <ul data-v-5327b38a="">...</ul>
  (Session info: chrome=120.0.6099.225)
Build info: version: '4.18.0', revision: 'b6bf9de7cc'
System info: os.name: 'Windows 10', os.arch: 'amd64', os.version: '10.0', java.version: '17.0.10'
Driver info: org.openqa.selenium.chrome.ChromeDriver
Command: [f573b58d90a6258b795745e4a56d3b68, clickElement {id=E6C3218EBAE76F9BE912D739AA9C2E11_element_1347}]
Capabilities {acceptInsecureCerts: false, browserName: chrome, browserVersion: 120.0.6099.225, chrome: {chromedriverVersion: 120.0.6099.109 (3419140ab66..., userDataDir: C:\Users\Dell\AppData\Local...}, fedcm:accounts: true, goog:chromeOptions: {debuggerAddress: localhost:55734}, networkConnectionEnabled: false, pageLoadStrategy: normal, platformName: windows, proxy: Proxy(), se:cdp: ws://localhost:55734/devtoo..., se:cdpVersion: 120.0.6099.225, setWindowRect: true, strictFileInteractability: false, timeouts: {implicit: 0, pageLoad: 300000, script: 30000}, unhandledPromptBehavior: dismiss and notify, webauthn:extension:credBlob: true, webauthn:extension:largeBlob: true, webauthn:extension:minPinLength: true, webauthn:extension:prf: true, webauthn:virtualAuthenticators: true}
Element: [[ChromeDriver: chrome on windows (f573b58d90a6258b795745e4a56d3b68)] -> xpath: //div[@class='oxd-form-actions']//button[@type='submit']]
Session ID: f573b58d90a6258b795745e4a56d3b68
at org.openqa.selenium.remote.ErrorCodec.decode(ErrorCodec.java:167)
at org.openqa.selenium.remote.codec.w3c.W3CHttpResponseCodec.decode(W3CHttpResponseCodec.java:138)
at org.openqa.selenium.remote.codec.w3c.W3CHttpResponseCodec.decode(W3CHttpResponseCodec.java:50)
at org.openqa.selenium.remote.HttpCommandExecutor.execute(HttpCommandExecutor.java:190)
at org.openqa.selenium.remote.service.DriverCommandExecutor.invokeExecute(DriverCommandExecutor.java:216)
at org.openqa.selenium.remote.service.DriverCommandExecutor.execute(DriverCommandExecutor.java:174)
at org.openqa.selenium.remote.RemoteWebDriver.execute(RemoteWebDriver.java:519)
at org.openqa.selenium.remote.RemoteWebElement.execute(RemoteWebElement.java:223)
at org.openqa.selenium.remote.RemoteWebElement.click(RemoteWebElement.java:76)
at commons.BasePage.clickToElement(BasePage.java:175)
at pageObjects.orangehrm.ReportToPageObject.clickSaveButtonAtAddSupervisor(ReportToPageObject.java:38)
at com.orangehrm.pim.PIM_Employee.Employee_09_Report(PIM_Employee.java:351)
at java.base/java.util.ArrayList.forEach(ArrayList.java:1511)
... Removed 32 stack frames]]>
    </failure>
  </testcase> <!-- Employee_09_Report -->
  <testcase classname="com.orangehrm.pim.PIM_Employee" name="Employee_10_Qualifications" time="15.191">
    <failure type="org.openqa.selenium.ElementClickInterceptedException" message="element click intercepted: Element &amp;lt;button data-v-10d463b7=&amp;quot;&amp;quot; type=&amp;quot;submit&amp;quot; class=&amp;quot;oxd-button oxd-button--medium oxd-button--secondary orangehrm-left-space&amp;quot;&amp;gt;...&amp;lt;/button&amp;gt; is not clickable at point (1235, 36). Other element would receive the click: &amp;lt;p data-v-bdd6d943=&amp;quot;&amp;quot; class=&amp;quot;oxd-userdropdown-name&amp;quot;&amp;gt;...&amp;lt;/p&amp;gt;
  (Session info: chrome=120.0.6099.225)
Build info: version: &amp;apos;4.18.0&amp;apos;, revision: &amp;apos;b6bf9de7cc&amp;apos;
System info: os.name: &amp;apos;Windows 10&amp;apos;, os.arch: &amp;apos;amd64&amp;apos;, os.version: &amp;apos;10.0&amp;apos;, java.version: &amp;apos;17.0.10&amp;apos;
Driver info: org.openqa.selenium.chrome.ChromeDriver
Command: [f573b58d90a6258b795745e4a56d3b68, clickElement {id=193D5BD90AD125447EBDE2033B208906_element_1478}]
Capabilities {acceptInsecureCerts: false, browserName: chrome, browserVersion: 120.0.6099.225, chrome: {chromedriverVersion: 120.0.6099.109 (3419140ab66..., userDataDir: C:\Users\Dell\AppData\Local...}, fedcm:accounts: true, goog:chromeOptions: {debuggerAddress: localhost:55734}, networkConnectionEnabled: false, pageLoadStrategy: normal, platformName: windows, proxy: Proxy(), se:cdp: ws://localhost:55734/devtoo..., se:cdpVersion: 120.0.6099.225, setWindowRect: true, strictFileInteractability: false, timeouts: {implicit: 0, pageLoad: 300000, script: 30000}, unhandledPromptBehavior: dismiss and notify, webauthn:extension:credBlob: true, webauthn:extension:largeBlob: true, webauthn:extension:minPinLength: true, webauthn:extension:prf: true, webauthn:virtualAuthenticators: true}
Element: [[ChromeDriver: chrome on windows (f573b58d90a6258b795745e4a56d3b68)] -&amp;gt; xpath: //div[@class=&amp;apos;oxd-form-actions&amp;apos;]//button[@type=&amp;apos;submit&amp;apos;]]
Session ID: f573b58d90a6258b795745e4a56d3b68">
      <![CDATA[org.openqa.selenium.ElementClickInterceptedException: element click intercepted: Element <button data-v-10d463b7="" type="submit" class="oxd-button oxd-button--medium oxd-button--secondary orangehrm-left-space">...</button> is not clickable at point (1235, 36). Other element would receive the click: <p data-v-bdd6d943="" class="oxd-userdropdown-name">...</p>
  (Session info: chrome=120.0.6099.225)
Build info: version: '4.18.0', revision: 'b6bf9de7cc'
System info: os.name: 'Windows 10', os.arch: 'amd64', os.version: '10.0', java.version: '17.0.10'
Driver info: org.openqa.selenium.chrome.ChromeDriver
Command: [f573b58d90a6258b795745e4a56d3b68, clickElement {id=193D5BD90AD125447EBDE2033B208906_element_1478}]
Capabilities {acceptInsecureCerts: false, browserName: chrome, browserVersion: 120.0.6099.225, chrome: {chromedriverVersion: 120.0.6099.109 (3419140ab66..., userDataDir: C:\Users\Dell\AppData\Local...}, fedcm:accounts: true, goog:chromeOptions: {debuggerAddress: localhost:55734}, networkConnectionEnabled: false, pageLoadStrategy: normal, platformName: windows, proxy: Proxy(), se:cdp: ws://localhost:55734/devtoo..., se:cdpVersion: 120.0.6099.225, setWindowRect: true, strictFileInteractability: false, timeouts: {implicit: 0, pageLoad: 300000, script: 30000}, unhandledPromptBehavior: dismiss and notify, webauthn:extension:credBlob: true, webauthn:extension:largeBlob: true, webauthn:extension:minPinLength: true, webauthn:extension:prf: true, webauthn:virtualAuthenticators: true}
Element: [[ChromeDriver: chrome on windows (f573b58d90a6258b795745e4a56d3b68)] -> xpath: //div[@class='oxd-form-actions']//button[@type='submit']]
Session ID: f573b58d90a6258b795745e4a56d3b68
at org.openqa.selenium.remote.ErrorCodec.decode(ErrorCodec.java:167)
at org.openqa.selenium.remote.codec.w3c.W3CHttpResponseCodec.decode(W3CHttpResponseCodec.java:138)
at org.openqa.selenium.remote.codec.w3c.W3CHttpResponseCodec.decode(W3CHttpResponseCodec.java:50)
at org.openqa.selenium.remote.HttpCommandExecutor.execute(HttpCommandExecutor.java:190)
at org.openqa.selenium.remote.service.DriverCommandExecutor.invokeExecute(DriverCommandExecutor.java:216)
at org.openqa.selenium.remote.service.DriverCommandExecutor.execute(DriverCommandExecutor.java:174)
at org.openqa.selenium.remote.RemoteWebDriver.execute(RemoteWebDriver.java:519)
at org.openqa.selenium.remote.RemoteWebElement.execute(RemoteWebElement.java:223)
at org.openqa.selenium.remote.RemoteWebElement.click(RemoteWebElement.java:76)
at commons.BasePage.clickToElement(BasePage.java:175)
at pageObjects.orangehrm.BaseActions.clickSaveButton(BaseActions.java:57)
at com.orangehrm.pim.PIM_Employee.Employee_10_Qualifications(PIM_Employee.java:397)
at java.base/java.util.ArrayList.forEach(ArrayList.java:1511)
... Removed 32 stack frames]]>
    </failure>
  </testcase> <!-- Employee_10_Qualifications -->
</testsuite> <!-- Run on CHROME -->
