<?xml version="1.0" encoding="UTF-8"?>
<!-- Generated by org.testng.reporters.JUnitXMLReporter -->
<testsuite ignored="0" hostname="DESKTOP-U8O34AN" failures="0" tests="5" name="Run on CHROME" time="71.256" errors="0" timestamp="2024-06-16T17:02:50 ICT">
  <testcase classname="com.orangehrm.pim.PIM_Employee" name="Employee_01_Add_New" time="10.999"/>
  <testcase classname="com.orangehrm.pim.PIM_Employee" name="Employee_02_Personal_Details" time="37.296"/>
  <testcase classname="com.orangehrm.pim.PIM_Employee" name="Employee_08_Salary" time="9.033"/>
  <testcase classname="com.orangehrm.pim.PIM_Employee" name="Employee_09_Report" time="0.005"/>
  <testcase classname="com.orangehrm.pim.PIM_Employee" name="Employee_10_Qualifications" time="0.006"/>
</testsuite> <!-- Run on CHROME -->
