<?xml version="1.0" encoding="UTF-8"?>
<!-- Generated by org.testng.reporters.JUnitXMLReporter -->
<testsuite ignored="0" hostname="DESKTOP-U8O34AN" failures="1" tests="10" name="Run on CHROME" time="112.06" errors="0" timestamp="2024-06-13T15:55:59 ICT">
  <testcase classname="com.orangehrm.pim.PIM_Employee" name="Employee_01_Add_New" time="11.433"/>
  <testcase classname="com.orangehrm.pim.PIM_Employee" name="Employee_02_Personal_Details" time="34.75"/>
  <testcase classname="com.orangehrm.pim.PIM_Employee" name="Employee_03_Contact_Details" time="9.703"/>
  <testcase classname="com.orangehrm.pim.PIM_Employee" name="Employee_04_Emergency_Contacts" time="3.965"/>
  <testcase classname="com.orangehrm.pim.PIM_Employee" name="Employee_05_Dependents" time="36.768">
    <failure type="org.openqa.selenium.TimeoutException" message="Expected condition failed: waiting for element to be clickable: By.xpath: //div[@class=&amp;apos;oxd-table-card&amp;apos;]//label/input/following-sibling::span/i (tried for 30 second(s) with 500 milliseconds interval)
Build info: version: &amp;apos;4.18.0&amp;apos;, revision: &amp;apos;b6bf9de7cc&amp;apos;
System info: os.name: &amp;apos;Windows 10&amp;apos;, os.arch: &amp;apos;amd64&amp;apos;, os.version: &amp;apos;10.0&amp;apos;, java.version: &amp;apos;17.0.10&amp;apos;
Driver info: org.openqa.selenium.chrome.ChromeDriver
Capabilities {acceptInsecureCerts: false, browserName: chrome, browserVersion: 120.0.6099.225, chrome: {chromedriverVersion: 120.0.6099.109 (3419140ab66..., userDataDir: C:\Users\Dell\AppData\Local...}, fedcm:accounts: true, goog:chromeOptions: {debuggerAddress: localhost:61283}, networkConnectionEnabled: false, pageLoadStrategy: normal, platformName: windows, proxy: Proxy(), se:cdp: ws://localhost:61283/devtoo..., se:cdpVersion: 120.0.6099.225, setWindowRect: true, strictFileInteractability: false, timeouts: {implicit: 0, pageLoad: 300000, script: 30000}, unhandledPromptBehavior: dismiss and notify, webauthn:extension:credBlob: true, webauthn:extension:largeBlob: true, webauthn:extension:minPinLength: true, webauthn:extension:prf: true, webauthn:virtualAuthenticators: true}
Session ID: adbee356680e488bc270cc25d72b772e">
      <![CDATA[org.openqa.selenium.TimeoutException: Expected condition failed: waiting for element to be clickable: By.xpath: //div[@class='oxd-table-card']//label/input/following-sibling::span/i (tried for 30 second(s) with 500 milliseconds interval)
Build info: version: '4.18.0', revision: 'b6bf9de7cc'
System info: os.name: 'Windows 10', os.arch: 'amd64', os.version: '10.0', java.version: '17.0.10'
Driver info: org.openqa.selenium.chrome.ChromeDriver
Capabilities {acceptInsecureCerts: false, browserName: chrome, browserVersion: 120.0.6099.225, chrome: {chromedriverVersion: 120.0.6099.109 (3419140ab66..., userDataDir: C:\Users\Dell\AppData\Local...}, fedcm:accounts: true, goog:chromeOptions: {debuggerAddress: localhost:61283}, networkConnectionEnabled: false, pageLoadStrategy: normal, platformName: windows, proxy: Proxy(), se:cdp: ws://localhost:61283/devtoo..., se:cdpVersion: 120.0.6099.225, setWindowRect: true, strictFileInteractability: false, timeouts: {implicit: 0, pageLoad: 300000, script: 30000}, unhandledPromptBehavior: dismiss and notify, webauthn:extension:credBlob: true, webauthn:extension:largeBlob: true, webauthn:extension:minPinLength: true, webauthn:extension:prf: true, webauthn:virtualAuthenticators: true}
Session ID: adbee356680e488bc270cc25d72b772e
at org.openqa.selenium.support.ui.WebDriverWait.timeoutException(WebDriverWait.java:84)
at org.openqa.selenium.support.ui.FluentWait.until(FluentWait.java:228)
at commons.BasePage.waitForElementClickable(BasePage.java:536)
at pageObjects.orangehrm.DependenciesPageObject.checkDeleteDependent(DependenciesPageObject.java:51)
at com.orangehrm.pim.PIM_Employee.Employee_05_Dependents(PIM_Employee.java:210)
at java.base/java.util.ArrayList.forEach(ArrayList.java:1511)
... Removed 27 stack frames]]>
    </failure>
  </testcase> <!-- Employee_05_Dependents -->
  <testcase classname="com.orangehrm.pim.PIM_Employee" name="Employee_06_Immigration" time="0.006"/>
  <testcase classname="com.orangehrm.pim.PIM_Employee" name="Employee_07_Job" time="0.006"/>
  <testcase classname="com.orangehrm.pim.PIM_Employee" name="Employee_08_Salary" time="0.005"/>
  <testcase classname="com.orangehrm.pim.PIM_Employee" name="Employee_09_Report" time="0.004"/>
  <testcase classname="com.orangehrm.pim.PIM_Employee" name="Employee_10_Qualifications" time="0.003"/>
</testsuite> <!-- Run on CHROME -->
