<?xml version="1.0" encoding="UTF-8"?>
<!-- Generated by org.testng.reporters.JUnitXMLReporter -->
<testsuite ignored="0" hostname="DESKTOP-U8O34AN" failures="0" tests="3" name="Run on Firefox" time="20.076" errors="0" timestamp="2024-04-24T11:11:17 ICT">
  <testcase classname="com.nopcommerce.user.Pattern_Object" name="User01_Register" time="7.4"/>
  <testcase classname="com.nopcommerce.user.Pattern_Object" name="User_02_Login" time="2.086"/>
  <testcase classname="com.nopcommerce.user.Pattern_Object" name="User_03_MyAccount" time="0.686"/>
</testsuite> <!-- Run on Firefox -->
