<?xml version="1.0" encoding="UTF-8"?>
<!-- Generated by org.testng.reporters.JUnitXMLReporter -->
<testsuite ignored="0" hostname="DESKTOP-U8O34AN" failures="0" tests="3" name="Run on Chrome" time="22.514" errors="0" timestamp="20 Mar 2024 08:06:39 GMT">
  <testcase classname="com.nopcommerce.user.Apply_BasePage2" name="TC01" time="4.829"/>
  <testcase classname="com.nopcommerce.user.Apply_BasePage2" name="TC02" time="4.711"/>
  <testcase classname="com.nopcommerce.user.Apply_BasePage2" name="TC03" time="9.118"/>
</testsuite> <!-- Run on Chrome -->
