<?xml version="1.0" encoding="UTF-8"?>
<!-- Generated by org.testng.reporters.JUnitXMLReporter -->
<testsuite ignored="2" hostname="DESKTOP-U8O34AN" failures="0" tests="15" name="Run on CHROME" time="11.002" errors="0" timestamp="2024-04-26T22:18:22 ICT">
  <testcase classname="TestNG.ParallelClass_03" name="TC_01_New_Product" time="0.29"/>
  <testcase classname="TestNG.ParallelClass_03" name="TC_02_Edit_Product" time="0.009"/>
  <testcase classname="TestNG.ParallelClass_03" name="TC_03_View_Product" time="0.007"/>
  <testcase classname="TestNG.ParallelClass_03" name="TC_04_Search_Product" time="0.007"/>
  <testcase classname="TestNG.ParallelClass_03" name="TC_05_Delete_Product" time="0.007"/>
  <testcase classname="TestNG.ParallelClass_01" name="TC_01_New_Account" time="0.005"/>
  <testcase classname="TestNG.ParallelClass_01" name="TC_02_Edit_Account" time="0.006"/>
  <testcase classname="TestNG.ParallelClass_01" name="TC_03_View_Account" time="0.01"/>
  <testcase classname="TestNG.ParallelClass_01" name="TC_04_Search_Account" time="0.005"/>
  <testcase classname="TestNG.ParallelClass_01" name="TC_05_Delete_Account" time="0.004"/>
  <testcase classname="TestNG.ParallelClass_02" name="TC_01_New_User" time="0.003"/>
  <testcase classname="TestNG.ParallelClass_02" name="TC_02_Edit_User" time="0.009"/>
  <testcase classname="TestNG.ParallelClass_02" name="TC_03_View_User" time="0.003"/>
  <testcase classname="TestNG.ParallelClass_02" name="TC_04_Search_User" time="0.008"/>
  <testcase classname="TestNG.ParallelClass_02" name="TC_05_Delete_User" time="0.01"/>
  <testcase classname="commons.BaseTest" name="@BeforeSuite initBeforeSuite" time="0.0">
    <ignored/>
  </testcase> <!-- @BeforeSuite initBeforeSuite -->
  <testcase classname="commons.BaseTest" name="@BeforeSuite initBeforeSuite" time="0.0">
    <ignored/>
  </testcase> <!-- @BeforeSuite initBeforeSuite -->
</testsuite> <!-- Run on CHROME -->
